# JRE version: Java(TM) SE Runtime Environment (8.0_144-b01) (build 1.8.0_144-b01)
# Java VM: Java HotSpot(TM) 64-Bit Server VM (25.144-b01 mixed mode windows-amd64 compressed oops)
Heap:
 PSYoungGen      total 105984K, used 11398K [0x0000000780e00000, 0x0000000787d00000, 0x00000007c0000000)
  eden space 98304K, 3% used [0x0000000780e00000,0x00000007811a7268,0x0000000786e00000)
  from space 7680K, 99% used [0x0000000786e00000,0x000000078757a5a0,0x0000000787580000)
  to   space 7680K, 0% used [0x0000000787580000,0x0000000787580000,0x0000000787d00000)
 ParOldGen       total 73216K, used 11553K [0x0000000702a00000, 0x0000000707180000, 0x0000000780e00000)
  object space 73216K, 15% used [0x0000000702a00000,0x00000007035486c0,0x0000000707180000)
 Metaspace       used 28894K, capacity 29704K, committed 29952K, reserved 1075200K
  class space    used 3834K, capacity 4028K, committed 4096K, reserved 1048576K
GC Heap History (10 events):
Event: 1.398 GC heap before
{Heap before GC invocations=2 (full 0):
 PSYoungGen      total 56832K, used 54888K [0x0000000780e00000, 0x0000000784d00000, 0x00000007c0000000)
  eden space 49152K, 100% used [0x0000000780e00000,0x0000000783e00000,0x0000000783e00000)
  from space 7680K, 74% used [0x0000000783e00000,0x000000078439a2b0,0x0000000784580000)
  to   space 7680K, 0% used [0x0000000784580000,0x0000000784580000,0x0000000784d00000)
 ParOldGen       total 130048K, used 16K [0x0000000702a00000, 0x000000070a900000, 0x0000000780e00000)
  object space 130048K, 0% used [0x0000000702a00000,0x0000000702a04000,0x000000070a900000)
 Metaspace       used 15200K, capacity 15646K, committed 15744K, reserved 1062912K
  class space    used 1963K, capacity 2087K, committed 2176K, reserved 1048576K
Event: 1.415 GC heap after
Heap after GC invocations=2 (full 0):
 PSYoungGen      total 56832K, used 7138K [0x0000000780e00000, 0x0000000787d00000, 0x00000007c0000000)
  eden space 49152K, 0% used [0x0000000780e00000,0x0000000780e00000,0x0000000783e00000)
  from space 7680K, 92% used [0x0000000784580000,0x0000000784c78920,0x0000000784d00000)
  to   space 7680K, 0% used [0x0000000783e00000,0x0000000783e00000,0x0000000784580000)
 ParOldGen       total 130048K, used 24K [0x0000000702a00000, 0x000000070a900000, 0x0000000780e00000)
  object space 130048K, 0% used [0x0000000702a00000,0x0000000702a06000,0x000000070a900000)
 Metaspace       used 15200K, capacity 15646K, committed 15744K, reserved 1062912K
  class space    used 1963K, capacity 2087K, committed 2176K, reserved 1048576K
}
Event: 1.741 GC heap before
{Heap before GC invocations=3 (full 0):
 PSYoungGen      total 56832K, used 56290K [0x0000000780e00000, 0x0000000787d00000, 0x00000007c0000000)
  eden space 49152K, 100% used [0x0000000780e00000,0x0000000783e00000,0x0000000783e00000)
  from space 7680K, 92% used [0x0000000784580000,0x0000000784c78920,0x0000000784d00000)
  to   space 7680K, 0% used [0x0000000783e00000,0x0000000783e00000,0x0000000784580000)
 ParOldGen       total 130048K, used 24K [0x0000000702a00000, 0x000000070a900000, 0x0000000780e00000)
  object space 130048K, 0% used [0x0000000702a00000,0x0000000702a06000,0x000000070a900000)
 Metaspace       used 18424K, capacity 18964K, committed 19072K, reserved 1064960K
  class space    used 2485K, capacity 2636K, committed 2688K, reserved 1048576K
Event: 1.749 GC heap after
Heap after GC invocations=3 (full 0):
 PSYoungGen      total 56832K, used 7291K [0x0000000780e00000, 0x0000000787d00000, 0x00000007c0000000)
  eden space 49152K, 0% used [0x0000000780e00000,0x0000000780e00000,0x0000000783e00000)
  from space 7680K, 94% used [0x0000000783e00000,0x000000078451edd8,0x0000000784580000)
  to   space 7680K, 0% used [0x0000000787580000,0x0000000787580000,0x0000000787d00000)
 ParOldGen       total 130048K, used 32K [0x0000000702a00000, 0x000000070a900000, 0x0000000780e00000)
  object space 130048K, 0% used [0x0000000702a00000,0x0000000702a08000,0x000000070a900000)
 Metaspace       used 18424K, capacity 18964K, committed 19072K, reserved 1064960K
  class space    used 2485K, capacity 2636K, committed 2688K, reserved 1048576K
}
Event: 1.905 GC heap before
{Heap before GC invocations=4 (full 0):
 PSYoungGen      total 56832K, used 29362K [0x0000000780e00000, 0x0000000787d00000, 0x00000007c0000000)
  eden space 49152K, 44% used [0x0000000780e00000,0x000000078238dd78,0x0000000783e00000)
  from space 7680K, 94% used [0x0000000783e00000,0x000000078451edd8,0x0000000784580000)
  to   space 7680K, 0% used [0x0000000787580000,0x0000000787580000,0x0000000787d00000)
 ParOldGen       total 130048K, used 32K [0x0000000702a00000, 0x000000070a900000, 0x0000000780e00000)
  object space 130048K, 0% used [0x0000000702a00000,0x0000000702a08000,0x000000070a900000)
 Metaspace       used 20622K, capacity 21184K, committed 21296K, reserved 1067008K
  class space    used 2743K, capacity 2880K, committed 2944K, reserved 1048576K
Event: 1.915 GC heap after
Heap after GC invocations=4 (full 0):
 PSYoungGen      total 105984K, used 6888K [0x0000000780e00000, 0x0000000787d00000, 0x00000007c0000000)
  eden space 98304K, 0% used [0x0000000780e00000,0x0000000780e00000,0x0000000786e00000)
  from space 7680K, 89% used [0x0000000787580000,0x0000000787c3a0a8,0x0000000787d00000)
  to   space 7680K, 0% used [0x0000000786e00000,0x0000000786e00000,0x0000000787580000)
 ParOldGen       total 130048K, used 40K [0x0000000702a00000, 0x000000070a900000, 0x0000000780e00000)
  object space 130048K, 0% used [0x0000000702a00000,0x0000000702a0a000,0x000000070a900000)
 Metaspace       used 20622K, capacity 21184K, committed 21296K, reserved 1067008K
  class space    used 2743K, capacity 2880K, committed 2944K, reserved 1048576K
}
Event: 1.915 GC heap before
{Heap before GC invocations=5 (full 1):
 PSYoungGen      total 105984K, used 6888K [0x0000000780e00000, 0x0000000787d00000, 0x00000007c0000000)
  eden space 98304K, 0% used [0x0000000780e00000,0x0000000780e00000,0x0000000786e00000)
  from space 7680K, 89% used [0x0000000787580000,0x0000000787c3a0a8,0x0000000787d00000)
  to   space 7680K, 0% used [0x0000000786e00000,0x0000000786e00000,0x0000000787580000)
 ParOldGen       total 130048K, used 40K [0x0000000702a00000, 0x000000070a900000, 0x0000000780e00000)
  object space 130048K, 0% used [0x0000000702a00000,0x0000000702a0a000,0x000000070a900000)
 Metaspace       used 20622K, capacity 21184K, committed 21296K, reserved 1067008K
  class space    used 2743K, capacity 2880K, committed 2944K, reserved 1048576K
Event: 1.948 GC heap after
Heap after GC invocations=5 (full 1):
 PSYoungGen      total 105984K, used 0K [0x0000000780e00000, 0x0000000787d00000, 0x00000007c0000000)
  eden space 98304K, 0% used [0x0000000780e00000,0x0000000780e00000,0x0000000786e00000)
  from space 7680K, 0% used [0x0000000787580000,0x0000000787580000,0x0000000787d00000)
  to   space 7680K, 0% used [0x0000000786e00000,0x0000000786e00000,0x0000000787580000)
 ParOldGen       total 73216K, used 6680K [0x0000000702a00000, 0x0000000707180000, 0x0000000780e00000)
  object space 73216K, 9% used [0x0000000702a00000,0x00000007030861c0,0x0000000707180000)
 Metaspace       used 20622K, capacity 21184K, committed 21296K, reserved 1067008K
  class space    used 2743K, capacity 2880K, committed 2944K, reserved 1048576K
}
Event: 2.786 GC heap before
{Heap before GC invocations=6 (full 1):
 PSYoungGen      total 105984K, used 98304K [0x0000000780e00000, 0x0000000787d00000, 0x00000007c0000000)
  eden space 98304K, 100% used [0x0000000780e00000,0x0000000786e00000,0x0000000786e00000)
  from space 7680K, 0% used [0x0000000787580000,0x0000000787580000,0x0000000787d00000)
  to   space 7680K, 0% used [0x0000000786e00000,0x0000000786e00000,0x0000000787580000)
 ParOldGen       total 73216K, used 6680K [0x0000000702a00000, 0x0000000707180000, 0x0000000780e00000)
  object space 73216K, 9% used [0x0000000702a00000,0x00000007030861c0,0x0000000707180000)
 Metaspace       used 28696K, capacity 29576K, committed 29696K, reserved 1075200K
  class space    used 3809K, capacity 4028K, committed 4096K, reserved 1048576K
Event: 2.798 GC heap after
Heap after GC invocations=6 (full 1):
 PSYoungGen      total 105984K, used 7657K [0x0000000780e00000, 0x0000000787d00000, 0x00000007c0000000)
  eden space 98304K, 0% used [0x0000000780e00000,0x0000000780e00000,0x0000000786e00000)
  from space 7680K, 99% used [0x0000000786e00000,0x000000078757a5a0,0x0000000787580000)
  to   space 7680K, 0% used [0x0000000787580000,0x0000000787580000,0x0000000787d00000)
 ParOldGen       total 73216K, used 11553K [0x0000000702a00000, 0x0000000707180000, 0x0000000780e00000)
  object space 73216K, 15% used [0x0000000702a00000,0x00000007035486c0,0x0000000707180000)
 Metaspace       used 28696K, capacity 29576K, committed 29696K, reserved 1075200K
  class space    used 3809K, capacity 4028K, committed 4096K, reserved 1048576K
}

